<?xml version="1.0" encoding="UTF-8"?>
<!-- Generated by org.testng.reporters.JUnitReportReporter -->
<testsuite skipped="1" hostname="STUDENT12" name="qa.consulting.com.AutomatedTesting.AutomationPracticeTest" tests="3" failures="0" timestamp="01 Dec 2017 12:33:04 GMT" time="17.589" errors="0">
  <testcase name="testOverlay" time="4.933" classname="qa.consulting.com.AutomatedTesting.AutomationPracticeTest"/>
  <testcase name="logIn" time="12.656" classname="qa.consulting.com.AutomatedTesting.AutomationPracticeTest"/>
  <testcase name="signIn" classname="qa.consulting.com.AutomatedTesting.AutomationPracticeTest">
    <skipped/>
  </testcase> <!-- signIn -->
</testsuite> <!-- qa.consulting.com.AutomatedTesting.AutomationPracticeTest -->
