<?xml version="1.0" encoding="UTF-8"?>
<!-- Generated by org.testng.reporters.JUnitReportReporter -->
<testsuite skipped="0" hostname="STUDENT12" name="qa.consulting.com.AutomatedTesting.WebDriverFactory" tests="1" failures="0" timestamp="30 Nov 2017 11:42:09 GMT" time="2.995" errors="0">
  <testcase name="test" time="2.995" classname="qa.consulting.com.AutomatedTesting.WebDriverFactory"/>
</testsuite> <!-- qa.consulting.com.AutomatedTesting.WebDriverFactory -->
